This is pdfTeX, Version 3.1415926-1.40.10 (MiKTeX 2.8) (preloaded format=pdflatex 2011.4.13)  3 AUG 2011 23:51
entering extended mode
**pracadyplomowa.tex
("C:\Users\LaM\Desktop\Praca Dyplomowa\pracadyplomowa.tex"
LaTeX2e <2009/09/24>
Babel <v3.8l> and hyphenation patterns for english, dumylang, nohyphenation, ge
rman, ngerman, german-x-2009-06-19, ngerman-x-2009-06-19, french, polish, loade
d.
("C:\Users\LaM\Desktop\Praca Dyplomowa\mgr.cls"
Document Class: mgr 2005/12/01 Non-Standard LaTeX document class
("C:\Program Files (x86)\MiKTeX 2.8\tex\latex\base\bk12.clo"
File: bk12.clo 2007/10/19 v1.4h Standard LaTeX file (size option)
)
\c@part=\count79
\c@chapter=\count80
\c@section=\count81
\c@subsection=\count82
\c@subsubsection=\count83
\c@paragraph=\count84
\c@subparagraph=\count85
\c@figure=\count86
\c@table=\count87
\abovecaptionskip=\skip41
\belowcaptionskip=\skip42
\bibindent=\dimen102
)
(C:\Users\LaM\AppData\Roaming\MiKTeX\2.8\tex\generic\babel\babel.sty
Package: babel 2008/07/06 v3.8l The Babel package

*************************************
* Local config file bblopts.cfg used
*
("C:\Program Files (x86)\MiKTeX 2.8\tex\latex\00miktex\bblopts.cfg"
File: bblopts.cfg 2006/07/31 v1.0 MiKTeX 'babel' configuration
)
(C:\Users\LaM\AppData\Roaming\MiKTeX\2.8\tex\generic\babel\polish.ldf
Language: polish 2005/03/31 v1.2l Polish support from the babel system

(C:\Users\LaM\AppData\Roaming\MiKTeX\2.8\tex\generic\babel\babel.def
File: babel.def 2008/07/06 v3.8l Babel common definitions
\babel@savecnt=\count88
\U@D=\dimen103
)
Package babel Info: Making " an active character on input line 83.
\pl@left=\dimen104
\pl@down=\dimen105
\pl@right=\dimen106
\pl@temp=\dimen107
))
("C:\Program Files (x86)\MiKTeX 2.8\tex\latex\base\inputenc.sty"
Package: inputenc 2008/03/30 v1.1d Input encoding file
\inpenc@prehook=\toks14
\inpenc@posthook=\toks15

("C:\Program Files (x86)\MiKTeX 2.8\tex\latex\base\cp1250.def"
File: cp1250.def 2008/03/30 v1.1d Input encoding file
))
("C:\Program Files (x86)\MiKTeX 2.8\tex\latex\base\fontenc.sty"
Package: fontenc 2005/09/27 v1.99g Standard LaTeX package

("C:\Program Files (x86)\MiKTeX 2.8\tex\latex\base\t1enc.def"
File: t1enc.def 2005/09/27 v1.99g Standard LaTeX file
LaTeX Font Info:    Redeclaring font encoding T1 on input line 43.
))
("C:\Program Files (x86)\MiKTeX 2.8\tex\latex\graphics\graphicx.sty"
Package: graphicx 1999/02/16 v1.0f Enhanced LaTeX Graphics (DPC,SPQR)

("C:\Program Files (x86)\MiKTeX 2.8\tex\latex\graphics\keyval.sty"
Package: keyval 1999/03/16 v1.13 key=value parser (DPC)
\KV@toks@=\toks16
)
("C:\Program Files (x86)\MiKTeX 2.8\tex\latex\graphics\graphics.sty"
Package: graphics 2009/02/05 v1.0o Standard LaTeX Graphics (DPC,SPQR)

("C:\Program Files (x86)\MiKTeX 2.8\tex\latex\graphics\trig.sty"
Package: trig 1999/03/16 v1.09 sin cos tan (DPC)
)
("C:\Program Files (x86)\MiKTeX 2.8\tex\latex\00miktex\graphics.cfg"
File: graphics.cfg 2007/01/18 v1.5 graphics configuration of teTeX/TeXLive
)
Package graphics Info: Driver file: pdftex.def on input line 91.

("C:\Program Files (x86)\MiKTeX 2.8\tex\latex\pdftex-def\pdftex.def"
File: pdftex.def 2010/02/14 v0.04n Graphics/color for pdfTeX
\Gread@gobject=\count89
))
\Gin@req@height=\dimen108
\Gin@req@width=\dimen109
)
(C:\Users\LaM\AppData\Roaming\MiKTeX\2.8\tex\latex\subfigure\subfigure.sty
Package: subfigure 2002/07/30 v2.1.4 subfigure package
\subfigtopskip=\skip43
\subfigcapskip=\skip44
\subfigcaptopadj=\dimen110
\subfigbottomskip=\skip45
\subfigcapmargin=\dimen111
\subfiglabelskip=\skip46
\c@subfigure=\count90
\c@lofdepth=\count91
\c@subtable=\count92
\c@lotdepth=\count93

****************************************
* Local config file subfigure.cfg used *
****************************************
(C:\Users\LaM\AppData\Roaming\MiKTeX\2.8\tex\latex\subfigure\subfigure.cfg)
\subfig@top=\skip47
\subfig@bottom=\skip48
)
(C:\Users\LaM\AppData\Roaming\MiKTeX\2.8\tex\latex\psfrag\psfrag.sty
Package: psfrag 1998/04/11 v3.04 PSfrag (MCG)
\pfg@pcount=\count94
\pfg@scount=\count95
\pfg@temp=\write3
)
("C:\Program Files (x86)\MiKTeX 2.8\tex\latex\ams\math\amsmath.sty"
Package: amsmath 2000/07/18 v2.13 AMS math features
\@mathmargin=\skip49

For additional information on amsmath, use the `?' option.
("C:\Program Files (x86)\MiKTeX 2.8\tex\latex\ams\math\amstext.sty"
Package: amstext 2000/06/29 v2.01

("C:\Program Files (x86)\MiKTeX 2.8\tex\latex\ams\math\amsgen.sty"
File: amsgen.sty 1999/11/30 v2.0
\@emptytoks=\toks17
\ex@=\dimen112
))
("C:\Program Files (x86)\MiKTeX 2.8\tex\latex\ams\math\amsbsy.sty"
Package: amsbsy 1999/11/29 v1.2d
\pmbraise@=\dimen113
)
("C:\Program Files (x86)\MiKTeX 2.8\tex\latex\ams\math\amsopn.sty"
Package: amsopn 1999/12/14 v2.01 operator names
)
\inf@bad=\count96
LaTeX Info: Redefining \frac on input line 211.
\uproot@=\count97
\leftroot@=\count98
LaTeX Info: Redefining \overline on input line 307.
\classnum@=\count99
\DOTSCASE@=\count100
LaTeX Info: Redefining \ldots on input line 379.
LaTeX Info: Redefining \dots on input line 382.
LaTeX Info: Redefining \cdots on input line 467.
\Mathstrutbox@=\box26
\strutbox@=\box27
\big@size=\dimen114
LaTeX Font Info:    Redeclaring font encoding OML on input line 567.
LaTeX Font Info:    Redeclaring font encoding OMS on input line 568.
\macc@depth=\count101
\c@MaxMatrixCols=\count102
\dotsspace@=\muskip10
\c@parentequation=\count103
\dspbrk@lvl=\count104
\tag@help=\toks18
\row@=\count105
\column@=\count106
\maxfields@=\count107
\andhelp@=\toks19
\eqnshift@=\dimen115
\alignsep@=\dimen116
\tagshift@=\dimen117
\tagwidth@=\dimen118
\totwidth@=\dimen119
\lineht@=\dimen120
\@envbody=\toks20
\multlinegap=\skip50
\multlinetaggap=\skip51
\mathdisplay@stack=\toks21
LaTeX Info: Redefining \[ on input line 2666.
LaTeX Info: Redefining \] on input line 2667.
)
("C:\Program Files (x86)\MiKTeX 2.8\tex\latex\amsfonts\amsfonts.sty"
Package: amsfonts 2009/06/22 v3.00 Basic AMSFonts support
\symAMSa=\mathgroup4
\symAMSb=\mathgroup5
LaTeX Font Info:    Overwriting math alphabet `\mathfrak' in version `bold'
(Font)                  U/euf/m/n --> U/euf/b/n on input line 96.
)
(C:\Users\LaM\AppData\Roaming\MiKTeX\2.8\tex\latex\supertabular\supertabular.st
y
Package: supertabular 2004/02/20 v4.1e the supertabular environment
\c@tracingst=\count108
\ST@wd=\dimen121
\ST@rightskip=\skip52
\ST@leftskip=\skip53
\ST@parfillskip=\skip54
\ST@pageleft=\dimen122
\ST@headht=\dimen123
\ST@tailht=\dimen124
\ST@pagesofar=\dimen125
\ST@pboxht=\dimen126
\ST@lineht=\dimen127
\ST@stretchht=\dimen128
\ST@prevht=\dimen129
\ST@toadd=\dimen130
\ST@dimen=\dimen131
\ST@pbox=\box28
) ("C:\Program Files (x86)\MiKTeX 2.8\tex\latex\tools\array.sty"
Package: array 2008/09/09 v2.4c Tabular extension package (FMi)
\col@sep=\dimen132
\extrarowheight=\dimen133
\NC@list=\toks22
\extratabsurround=\skip55
\backup@length=\skip56
)
("C:\Program Files (x86)\MiKTeX 2.8\tex\latex\tools\tabularx.sty"
Package: tabularx 1999/01/07 v2.07 `tabularx' package (DPC)
\TX@col@width=\dimen134
\TX@old@table=\dimen135
\TX@old@col=\dimen136
\TX@target=\dimen137
\TX@delta=\dimen138
\TX@cols=\count109
\TX@ftn=\toks23
)
("C:\Program Files (x86)\MiKTeX 2.8\tex\latex\tools\hhline.sty"
Package: hhline 1994/05/23 v2.03 Table rule package (DPC)
)
(C:\Users\LaM\AppData\Roaming\MiKTeX\2.8\tex\latex\showlabels\showlabels.sty
Package: showlabels 2009/05/29 v1.6.5

Package: `showlabels' v1.6.5 <2009/05/29>
with amsmath equation tags
\SL@labelposition=\count110
)
\c@theorem=\count111
 ("C:\Users\LaM\Desktop\Praca Dyplomowa\pracadyplomowa.aux"
("C:\Users\LaM\Desktop\Praca Dyplomowa\1Wstep.aux")
("C:\Users\LaM\Desktop\Praca Dyplomowa\2KsztalcenieNaOdleglosc.aux")
("C:\Users\LaM\Desktop\Praca Dyplomowa\3WybraneTechnologie.aux")
("C:\Users\LaM\Desktop\Praca Dyplomowa\WybraAspektyProj4.aux"))
LaTeX Font Info:    Checking defaults for OML/cmm/m/it on input line 52.
LaTeX Font Info:    ... okay on input line 52.
LaTeX Font Info:    Checking defaults for T1/cmr/m/n on input line 52.
LaTeX Font Info:    ... okay on input line 52.
LaTeX Font Info:    Checking defaults for OT1/cmr/m/n on input line 52.
LaTeX Font Info:    ... okay on input line 52.
LaTeX Font Info:    Checking defaults for OMS/cmsy/m/n on input line 52.
LaTeX Font Info:    ... okay on input line 52.
LaTeX Font Info:    Checking defaults for OMX/cmex/m/n on input line 52.
LaTeX Font Info:    ... okay on input line 52.
LaTeX Font Info:    Checking defaults for U/cmr/m/n on input line 52.
LaTeX Font Info:    ... okay on input line 52.

("C:\Program Files (x86)\MiKTeX 2.8\tex\context\base\supp-pdf.tex"
[Loading MPS to PDF converter (version 2006.09.02).]
\scratchcounter=\count112
\scratchdimen=\dimen139
\scratchbox=\box29
\nofMPsegments=\count113
\nofMParguments=\count114
\everyMPshowfont=\toks24
\MPscratchCnt=\count115
\MPscratchDim=\dimen140
\MPnumerator=\count116
\everyMPtoPDFconversion=\toks25
)
\@temphbadness=\count117
\@tempvbadness=\count118
\@temphfuzz=\skip57
\@temptextwidth=\skip58
\@temptextheight=\skip59
\@temptopmargin=\skip60
\@tempheadheight=\skip61
\@tempheadsep=\skip62
\@tempoddsidemargin=\skip63
\@tempevensidemargin=\skip64
LaTeX Font Info:    Try loading font information for U+msa on input line 55.
 ("C:\Program Files (x86)\MiKTeX 2.8\tex\latex\amsfonts\umsa.fd"
File: umsa.fd 2009/06/22 v3.00 AMS symbols A
)
LaTeX Font Info:    Try loading font information for U+msb on input line 55.

("C:\Program Files (x86)\MiKTeX 2.8\tex\latex\amsfonts\umsb.fd"
File: umsb.fd 2009/06/22 v3.00 AMS symbols B
)
\@tempheightkier=\skip65
\@tempheighttkier=\skip66
\@tempheightspec=\skip67
\@tempheighttspec=\skip68
 [1
Non-PDF special ignored!



{C:/Users/LaM/AppData/Local/MiKTeX/2.8/pdftex/config/pdftex.map}] [0


] [1] [2


] ("C:\Users\LaM\Desktop\Praca Dyplomowa\pracadyplomowa.toc")
\tf@toc=\write4
 [1


] ("C:\Users\LaM\Desktop\Praca Dyplomowa\1Wstep.tex"
Rozdzia\l  1.
) [2


] ("C:\Users\LaM\Desktop\Praca Dyplomowa\2KsztalcenieNaOdleglosc.tex"
Rozdzia\l  2.

Underfull \hbox (badness 10000) in paragraph at lines 5--6

 []


LaTeX Warning: Citation `TeoriaPraktykaELearningu' on page 3 undefined on input
 line 9.


Underfull \hbox (badness 10000) in paragraph at lines 9--10

 []


Underfull \hbox (badness 10000) in paragraph at lines 11--12

 []


Underfull \hbox (badness 10000) in paragraph at lines 13--14

 []


LaTeX Warning: Citation `AClark' on page 3 undefined on input line 16.


Underfull \hbox (badness 10000) in paragraph at lines 20--21

 []


Underfull \hbox (badness 10000) in paragraph at lines 26--27

 []


Underfull \vbox (badness 10000) has occurred while \output is active []

 [3



]

LaTeX Warning: Citation `AClark' on page 4 undefined on input line 28.

LaTeX Font Info:    Try loading font information for OMS+cmr on input line 31.
("C:\Program Files (x86)\MiKTeX 2.8\tex\latex\base\omscmr.fd"
File: omscmr.fd 1999/05/25 v2.5h Standard LaTeX font definitions
)
LaTeX Font Info:    Font shape `OMS/cmr/m/n' in size <12> not available
(Font)              Font shape `OMS/cmsy/m/n' tried instead on input line 31.


LaTeX Warning: Citation `BednarekLubina' on page 4 undefined on input line 38.


LaTeX Warning: Citation `AClark' on page 4 undefined on input line 56.

[4]
Overfull \hbox (3.6838pt too wide) in paragraph at lines 83--84
[]\T1/cmr/m/n/12 moduª sta-ty-styk oraz ra-por-tów po-zwa-la-j¡-cych ewa-lu-owa
¢ sku-tecz-no±¢ pro-cesu ksztaª-
 []

) [5] ("C:\Users\LaM\Desktop\Praca Dyplomowa\3WybraneTechnologie.tex"
Rozdzia\l  3.

LaTeX Warning: Citation `JSON' on page 6 undefined on input line 4.

<./Obrazki/Jsonschemat.jpg, id=43, 347.04657pt x 65.49469pt>
File: ./Obrazki/Jsonschemat.jpg Graphic file (type jpg)

<use ./Obrazki/Jsonschemat.jpg>

LaTeX Warning: Citation `JSON' on page 6 undefined on input line 14.

[6



 <C:/Users/LaM/Desktop/Praca Dyplomowa/Obrazki/Jsonschemat.jpg>]
<./Obrazki/JsonParsed.JPG, id=47, 149.05687pt x 289.83281pt>
File: ./Obrazki/JsonParsed.JPG Graphic file (type jpg)

<use ./Obrazki/JsonParsed.JPG>
<./Obrazki/XmlExample.JPG, id=48, 285.31593pt x 302.63063pt>
File: ./Obrazki/XmlExample.JPG Graphic file (type jpg)

<use ./Obrazki/XmlExample.JPG> [7 <C:/Users/LaM/Desktop/Praca Dyplomowa/Obrazki
/JsonParsed.JPG> <C:/Users/LaM/Desktop/Praca Dyplomowa/Obrazki/XmlExample.JPG>]
[8]

LaTeX Warning: Citation `MVC' on page 9 undefined on input line 71.

<./Obrazki/MVC.jpg, id=55, 195.73125pt x 190.46156pt>
File: ./Obrazki/MVC.jpg Graphic file (type jpg)
 <use ./Obrazki/MVC.jpg>
Underfull \hbox (badness 10000) in paragraph at lines 89--90

 []

[9 <C:/Users/LaM/Desktop/Praca Dyplomowa/Obrazki/MVC.jpg>]
<./Obrazki/Mvcschemat.jpg, id=60, 341.02406pt x 252.945pt>
File: ./Obrazki/Mvcschemat.jpg Graphic file (type jpg)

<use ./Obrazki/Mvcschemat.jpg> [10 <C:/Users/LaM/Desktop/Praca Dyplomowa/Obrazk
i/Mvcschemat.jpg>] <./Obrazki/ORM.jpg, id=64, 267.24844pt x 332.74312pt>
File: ./Obrazki/ORM.jpg Graphic file (type jpg)

<use ./Obrazki/ORM.jpg> [11 <C:/Users/LaM/Desktop/Praca Dyplomowa/Obrazki/ORM.j
pg>] <./Obrazki/ORMmapowanie.jpg, id=68, 347.79938pt x 145.29282pt>
File: ./Obrazki/ORMmapowanie.jpg Graphic file (type jpg)

<use ./Obrazki/ORMmapowanie.jpg>
<./Obrazki/ORMcache.jpg, id=69, 511.15968pt x 290.58563pt>
File: ./Obrazki/ORMcache.jpg Graphic file (type jpg)

<use ./Obrazki/ORMcache.jpg>
Overfull \hbox (55.91434pt too wide) in paragraph at lines 143--144
 [] 
 []


Underfull \vbox (badness 3780) has occurred while \output is active []

 [12 <C:/Users/LaM/Desktop/Praca Dyplomowa/Obrazki/ORMmapowanie.jpg>] [13 <C:/U
sers/LaM/Desktop/Praca Dyplomowa/Obrazki/ORMcache.jpg>]
<./Obrazki/UnitTest.jpg, id=76, 204.01219pt x 284.56313pt>
File: ./Obrazki/UnitTest.jpg Graphic file (type jpg)

<use ./Obrazki/UnitTest.jpg>
<./Obrazki/exampleunittest.JPG, id=77, 475.7775pt x 225.84375pt>
File: ./Obrazki/exampleunittest.JPG Graphic file (type jpg)

<use ./Obrazki/exampleunittest.JPG>
Overfull \hbox (20.53224pt too wide) in paragraph at lines 167--168
 [] 
 []


Underfull \vbox (badness 1796) has occurred while \output is active []

 [14 <C:/Users/LaM/Desktop/Praca Dyplomowa/Obrazki/UnitTest.jpg>]
<./Obrazki/ZastosowanieMock.JPG, id=81, 283.81032pt x 310.15875pt>
File: ./Obrazki/ZastosowanieMock.JPG Graphic file (type jpg)

<use ./Obrazki/ZastosowanieMock.JPG> [15 <C:/Users/LaM/Desktop/Praca Dyplomowa/
Obrazki/exampleunittest.JPG>] [16 <C:/Users/LaM/Desktop/Praca Dyplomowa/Obrazki
/ZastosowanieMock.JPG>])
("C:\Users\LaM\Desktop\Praca Dyplomowa\WybraAspektyProj4.tex"
Rozdzia\l  4.
[17



] [18]
Overfull \hbox (21.97865pt too wide) in paragraph at lines 98--101
\T1/cmr/m/n/12 bów apli-ka-cji i in-te-rak-cji z sys-te-mem bez mo»-li-wo-±ci w
pªy-wa-nia na za-war-to±¢ sys-temu.Kursanci
 []

[19] [20] [21]
<./Obrazki//Relacje/KursGrupa.jpg, id=105, 402.75468pt x 81.30376pt>
File: ./Obrazki//Relacje/KursGrupa.jpg Graphic file (type jpg)

<use ./Obrazki//Relacje/KursGrupa.jpg>
<./Obrazki//Relacje/fizKurs.jpg, id=106, 428.35031pt x 136.25906pt>
File: ./Obrazki//Relacje/fizKurs.jpg Graphic file (type jpg)

<use ./Obrazki//Relacje/fizKurs.jpg>
<./Obrazki//Relacje/allDiagram.jpg, id=107, 682.04813pt x 679.78969pt>
File: ./Obrazki//Relacje/allDiagram.jpg Graphic file (type jpg)

<use ./Obrazki//Relacje/allDiagram.jpg>
Overfull \hbox (226.80238pt too wide) in paragraph at lines 181--182
 [] 
 []

[22 <C:/Users/LaM/Desktop/Praca Dyplomowa/Obrazki/Relacje/KursGrupa.jpg> <C:/Us
ers/LaM/Desktop/Praca Dyplomowa/Obrazki/Relacje/fizKurs.jpg>]
Overfull \vbox (3.71724pt too high) has occurred while \output is active []


[23 <C:/Users/LaM/Desktop/Praca Dyplomowa/Obrazki/Relacje/allDiagram.jpg>]
[24]
Rozdzia\l  5.

Underfull \vbox (badness 10000) has occurred while \output is active []

 [25

]
Overfull \vbox (25.22382pt too high) has occurred while \output is active []


[26]
Rozdzia\l  6.
[27

]
Rozdzia\l  7.
) [28

] ("C:\Users\LaM\Desktop\Praca Dyplomowa\pracadyplomowa.bbl"
Underfull \hbox (badness 10000) in paragraph at lines 4--9
[]\T1/cmr/m/n/12 ADL.  Scorm do-cu-men-ta-tion.  http://www.scormsoft.com/scorm

 []


Overfull \hbox (57.14992pt too wide) in paragraph at lines 4--9
\T1/cmr/m/n/12 http://www.adlnet.gov/Technologies/scorm/SCORMSDocuments/2004n/D
ocumentation.aspx. 
 []

[29


]) [30] ("C:\Users\LaM\Desktop\Praca Dyplomowa\pracadyplomowa.aux"
("C:\Users\LaM\Desktop\Praca Dyplomowa\1Wstep.aux")
("C:\Users\LaM\Desktop\Praca Dyplomowa\2KsztalcenieNaOdleglosc.aux")
("C:\Users\LaM\Desktop\Praca Dyplomowa\3WybraneTechnologie.aux")
("C:\Users\LaM\Desktop\Praca Dyplomowa\WybraAspektyProj4.aux"))

LaTeX Warning: There were undefined references.


LaTeX Warning: Label(s) may have changed. Rerun to get cross-references right.

 ) 
Here is how much of TeX's memory you used:
 2944 strings out of 495238
 38485 string characters out of 3178937
 96371 words of memory out of 3000000
 6061 multiletter control sequences out of 15000+200000
 19740 words of font info for 47 fonts, out of 3000000 for 9000
 34 hyphenation exceptions out of 8191
 27i,15n,24p,936b,360s stack positions out of 5000i,500n,10000p,200000b,50000s
 <C:\Users\LaM\AppData\Local\MiKTeX\2.8\fonts\pk\ljfour\jknappen\ec\dpi600\ec
bx1440.pk> <C:\Users\LaM\AppData\Local\MiKTeX\2.8\fonts\pk\ljfour\jknappen\ec\d
pi600\ecbx1095.pk> <C:\Users\LaM\AppData\Local\MiKTeX\2.8\fonts\pk\ljfour\jknap
pen\ec\dpi600\ecbx1200.pk> <C:\Users\LaM\AppData\Local\MiKTeX\2.8\fonts\pk\ljfo
ur\jknappen\ec\dpi600\ecsl1200.pk> <C:\Users\LaM\AppData\Local\MiKTeX\2.8\fonts
\pk\ljfour\jknappen\ec\dpi600\ecrm1200.pk> <C:\Users\LaM\AppData\Local\MiKTeX\2
.8\fonts\pk\ljfour\jknappen\ec\dpi600\ecbx1728.pk> <C:\Users\LaM\AppData\Local\
MiKTeX\2.8\fonts\pk\ljfour\jknappen\ec\dpi600\ecbx2488.pk> <C:\Users\LaM\AppDat
a\Local\MiKTeX\2.8\fonts\pk\ljfour\jknappen\ec\dpi600\ecti1200.pk> <C:\Users\La
M\AppData\Local\MiKTeX\2.8\fonts\pk\ljfour\jknappen\ec\dpi600\ecbx2074.pk> <C:\
Users\LaM\AppData\Local\MiKTeX\2.8\fonts\pk\ljfour\jknappen\ec\dpi600\ecrm1440.
pk> <C:\Users\LaM\AppData\Local\MiKTeX\2.8\fonts\pk\ljfour\jknappen\ec\dpi600\e
ccc1728.pk> <C:\Users\LaM\AppData\Local\MiKTeX\2.8\fonts\pk\ljfour\jknappen\ec\
dpi600\ecrm2074.pk><C:/Program Files (x86)/MiKTeX 2.8/fonts/type1/public/amsfon
ts/cm/cmsy10.pfb>
Output written on pracadyplomowa.pdf (34 pages, 697204 bytes).
PDF statistics:
 761 PDF objects out of 1000 (max. 8388607)
 0 named destinations out of 1000 (max. 500000)
 71 words of extra memory for PDF output out of 10000 (max. 10000000)

